  {{xgTaskID=00000006}}
  FBattleGuy.cpp
  {{xgTaskID=00000000}}
  {{xgTaskID=00000005}}
  AppDelegate.cpp
e:\cocos2d-x-2.2.1\cocos2d-x-2.2.1\samples\cpp\zgc\classes\ui\progressbar.h : warning C4819: The file contains a character that cannot be represented in the current code page (936). Save the file in Unicode format to prevent data loss
  {{xgTaskID=00000000}}
  {{xgTaskID=00000007}}
  KBattleAI.cpp
  {{xgTaskID=00000000}}
  {{xgTaskID=00000008}}
  KBattleCtrlBase.cpp
  {{xgTaskID=00000000}}
  {{xgTaskID=00000009}}
  KBattleDeck.cpp
  {{xgTaskID=00000000}}
  {{xgTaskID=0000000A}}
  KBattleGod.cpp
  {{xgTaskID=00000000}}
  {{xgTaskID=0000000B}}
  KBattleGuy.cpp
  {{xgTaskID=00000000}}
  {{xgTaskID=0000000C}}
  KCardInst.cpp
  {{xgTaskID=00000000}}
  {{xgTaskID=0000000D}}
  KClientBattleCtrl.cpp
  {{xgTaskID=00000000}}
  {{xgTaskID=0000000F}}
  KLogAssist.cpp
  {{xgTaskID=00000000}}
  {{xgTaskID=0000000E}}
  KDynamicWorld.cpp
  {{xgTaskID=00000000}}
  {{xgTaskID=00000010}}
  KSkillAssist.cpp
e:\cocos2d-x-2.2.1\cocos2d-x-2.2.1\samples\cpp\zgc\classes\gamelogic\assist\kskillassist.cpp(104): warning C4018: '>' : signed/unsigned mismatch
e:\cocos2d-x-2.2.1\cocos2d-x-2.2.1\samples\cpp\zgc\classes\gamelogic\assist\kskillassist.cpp(107): warning C4018: '>' : signed/unsigned mismatch
  {{xgTaskID=00000000}}
  {{xgTaskID=00000012}}
  KBagManager.cpp
  {{xgTaskID=00000000}}
  {{xgTaskID=00000011}}
  GameRoot.cpp
e:\cocos2d-x-2.2.1\cocos2d-x-2.2.1\samples\cpp\zgc\classes\statictable\staticdata.h : warning C4819: The file contains a character that cannot be represented in the current code page (936). Save the file in Unicode format to prevent data loss
  {{xgTaskID=00000000}}
  {{xgTaskID=00000013}}
  KActionMgr.cpp
  {{xgTaskID=00000000}}
  {{xgTaskID=00000014}}
  KAffectorAdvExecutor.cpp
  {{xgTaskID=00000000}}
  {{xgTaskID=00000018}}
  KPacketGate_Gw.cpp
  {{xgTaskID=00000000}}
  {{xgTaskID=00000015}}
  KBattleMsgHub.cpp
  {{xgTaskID=00000000}}
  {{xgTaskID=00000016}}
  KWorldMsgHub.cpp
  {{xgTaskID=00000000}}
  {{xgTaskID=00000017}}
  KNetMsgFacade.cpp
  {{xgTaskID=00000000}}
  {{xgTaskID=0000001A}}
  KSocketFacade.cpp
  {{xgTaskID=00000000}}
  {{xgTaskID=00000019}}
  KPacketGate_SC.cpp
  {{xgTaskID=00000000}}
  {{xgTaskID=0000001B}}
  KQuestManager.cpp
  {{xgTaskID=00000000}}
  {{xgTaskID=0000001C}}
  KStoreManager.cpp
  {{xgTaskID=00000000}}
  {{xgTaskID=0000001D}}
  BattleFieldScene.cpp
  {{xgTaskID=00000000}}
  {{xgTaskID=0000001E}}
  KActor.cpp
  {{xgTaskID=00000000}}
  {{xgTaskID=00000024}}
  KMyQuestPanel.cpp
  {{xgTaskID=00000000}}
  {{xgTaskID=00000022}}
  KGenCardPanel.cpp
  {{xgTaskID=00000000}}
  {{xgTaskID=00000023}}
  KIndicatePanel.cpp
  {{xgTaskID=00000000}}
  {{xgTaskID=0000001F}}
  KCardActor.cpp
  {{xgTaskID=00000000}}
  {{xgTaskID=00000027}}
  KSelectBeginCardPanel.cpp
  {{xgTaskID=00000000}}
  {{xgTaskID=00000020}}
  KFightAreaPanel.cpp
  {{xgTaskID=00000000}}
  {{xgTaskID=00000021}}
  KGameResultPanel.cpp
  {{xgTaskID=00000000}}
  {{xgTaskID=00000026}}
  KResPanel.cpp
  {{xgTaskID=00000000}}
  {{xgTaskID=00000025}}
  KMyStorePanel.cpp
e:\cocos2d-x-2.2.1\cocos2d-x-2.2.1\samples\cpp\zgc\classes\ui\kmystorepanel.cpp(118): warning C4018: '>=' : signed/unsigned mismatch
  {{xgTaskID=00000000}}
  {{xgTaskID=00000028}}
  KShopPanel.cpp
  {{xgTaskID=00000000}}
  {{xgTaskID=00000029}}
  KUIAssist.cpp
  {{xgTaskID=00000000}}
  {{xgTaskID=0000002D}}
  KVirtualServerAssist.cpp
  {{xgTaskID=00000000}}
  {{xgTaskID=0000002A}}
  MainMenuScene.cpp
  {{xgTaskID=00000000}}
  {{xgTaskID=0000002C}}
  VirtualService.cpp
e:\cocos2d-x-2.2.1\cocos2d-x-2.2.1\samples\cpp\zgc\classes\statictable\staticdata.h : warning C4819: The file contains a character that cannot be represented in the current code page (936). Save the file in Unicode format to prevent data loss
e:\cocos2d-x-2.2.1\cocos2d-x-2.2.1\samples\cpp\zgc\classes\statictable\staticdata.h : warning C4819: The file contains a character that cannot be represented in the current code page (936). Save the file in Unicode format to prevent data loss
  {{xgTaskID=00000000}}
  {{xgTaskID=0000002B}}
  StartScene.cpp
e:\cocos2d-x-2.2.1\cocos2d-x-2.2.1\samples\cpp\zgc\classes\ui\progressbar.h : warning C4819: The file contains a character that cannot be represented in the current code page (936). Save the file in Unicode format to prevent data loss
  {{xgTaskID=00000000}}
  {{xgTaskID=0000002E}}
  
  {{xgTaskID=00000000}}
  zgc.vcxproj -> E:\cocos2d-x-2.2.1\cocos2d-x-2.2.1\Debug.win32\zgc.exe
  {{xgTaskID=0000002F}}
  
  {{xgTaskID=00000000}}
