E:\cocos2d-x-2.2.1\cocos2d-x-2.2.1\Debug.win32\zgc.pdb
E:\COCOS2D-X-2.2.1\COCOS2D-X-2.2.1\SAMPLES\CPP\ZG\PROJ.WIN32\DEBUG.WIN32\ADVEXECUTOR.OBJ
E:\COCOS2D-X-2.2.1\COCOS2D-X-2.2.1\SAMPLES\CPP\ZG\PROJ.WIN32\DEBUG.WIN32\APPDELEGATE.OBJ
E:\COCOS2D-X-2.2.1\COCOS2D-X-2.2.1\SAMPLES\CPP\ZG\PROJ.WIN32\DEBUG.WIN32\BATTLEFIELDSCENE.OBJ
E:\cocos2d-x-2.2.1\cocos2d-x-2.2.1\samples\Cpp\zg\proj.win32\Debug.win32\cl.command.1.tlog
E:\cocos2d-x-2.2.1\cocos2d-x-2.2.1\samples\Cpp\zg\proj.win32\Debug.win32\CL.read.1.tlog
E:\cocos2d-x-2.2.1\cocos2d-x-2.2.1\samples\Cpp\zg\proj.win32\Debug.win32\CL.write.1.tlog
E:\COCOS2D-X-2.2.1\COCOS2D-X-2.2.1\SAMPLES\CPP\ZG\PROJ.WIN32\DEBUG.WIN32\FBATTLEGUY.OBJ
E:\COCOS2D-X-2.2.1\COCOS2D-X-2.2.1\SAMPLES\CPP\ZG\PROJ.WIN32\DEBUG.WIN32\FQUEST.OBJ
E:\COCOS2D-X-2.2.1\COCOS2D-X-2.2.1\SAMPLES\CPP\ZG\PROJ.WIN32\DEBUG.WIN32\GAMEROOT.OBJ
E:\COCOS2D-X-2.2.1\COCOS2D-X-2.2.1\SAMPLES\CPP\ZG\PROJ.WIN32\DEBUG.WIN32\K3DACTIONPARAM.OBJ
E:\COCOS2D-X-2.2.1\COCOS2D-X-2.2.1\SAMPLES\CPP\ZG\PROJ.WIN32\DEBUG.WIN32\KABILITYSTATIC.OBJ
E:\COCOS2D-X-2.2.1\COCOS2D-X-2.2.1\SAMPLES\CPP\ZG\PROJ.WIN32\DEBUG.WIN32\KACTION.OBJ
E:\COCOS2D-X-2.2.1\COCOS2D-X-2.2.1\SAMPLES\CPP\ZG\PROJ.WIN32\DEBUG.WIN32\KACTIONMGR.OBJ
E:\COCOS2D-X-2.2.1\COCOS2D-X-2.2.1\SAMPLES\CPP\ZG\PROJ.WIN32\DEBUG.WIN32\KACTIONSTATICMGR.OBJ
E:\COCOS2D-X-2.2.1\COCOS2D-X-2.2.1\SAMPLES\CPP\ZG\PROJ.WIN32\DEBUG.WIN32\KACTOR.OBJ
E:\COCOS2D-X-2.2.1\COCOS2D-X-2.2.1\SAMPLES\CPP\ZG\PROJ.WIN32\DEBUG.WIN32\KAFFECTORADVEXECUTOR.OBJ
E:\COCOS2D-X-2.2.1\COCOS2D-X-2.2.1\SAMPLES\CPP\ZG\PROJ.WIN32\DEBUG.WIN32\KAFFECTORSTATIC.OBJ
E:\COCOS2D-X-2.2.1\COCOS2D-X-2.2.1\SAMPLES\CPP\ZG\PROJ.WIN32\DEBUG.WIN32\KAFFECTORVECTEXECUTOR.OBJ
E:\COCOS2D-X-2.2.1\COCOS2D-X-2.2.1\SAMPLES\CPP\ZG\PROJ.WIN32\DEBUG.WIN32\KAPPDATA.OBJ
E:\COCOS2D-X-2.2.1\COCOS2D-X-2.2.1\SAMPLES\CPP\ZG\PROJ.WIN32\DEBUG.WIN32\KBAG.OBJ
E:\COCOS2D-X-2.2.1\COCOS2D-X-2.2.1\SAMPLES\CPP\ZG\PROJ.WIN32\DEBUG.WIN32\KBAGMANAGER.OBJ
E:\COCOS2D-X-2.2.1\COCOS2D-X-2.2.1\SAMPLES\CPP\ZG\PROJ.WIN32\DEBUG.WIN32\KBATTLEAI.OBJ
E:\COCOS2D-X-2.2.1\COCOS2D-X-2.2.1\SAMPLES\CPP\ZG\PROJ.WIN32\DEBUG.WIN32\KBATTLECTRLBASE.OBJ
E:\COCOS2D-X-2.2.1\COCOS2D-X-2.2.1\SAMPLES\CPP\ZG\PROJ.WIN32\DEBUG.WIN32\KBATTLEDECK.OBJ
E:\COCOS2D-X-2.2.1\COCOS2D-X-2.2.1\SAMPLES\CPP\ZG\PROJ.WIN32\DEBUG.WIN32\KBATTLEGOD.OBJ
E:\COCOS2D-X-2.2.1\COCOS2D-X-2.2.1\SAMPLES\CPP\ZG\PROJ.WIN32\DEBUG.WIN32\KBATTLEGUY.OBJ
E:\COCOS2D-X-2.2.1\COCOS2D-X-2.2.1\SAMPLES\CPP\ZG\PROJ.WIN32\DEBUG.WIN32\KBATTLEGUYATTR.OBJ
E:\COCOS2D-X-2.2.1\COCOS2D-X-2.2.1\SAMPLES\CPP\ZG\PROJ.WIN32\DEBUG.WIN32\KBATTLEMSGHUB.OBJ
E:\COCOS2D-X-2.2.1\COCOS2D-X-2.2.1\SAMPLES\CPP\ZG\PROJ.WIN32\DEBUG.WIN32\KBLOCK.OBJ
E:\COCOS2D-X-2.2.1\COCOS2D-X-2.2.1\SAMPLES\CPP\ZG\PROJ.WIN32\DEBUG.WIN32\KBLOCKBOX.OBJ
E:\COCOS2D-X-2.2.1\COCOS2D-X-2.2.1\SAMPLES\CPP\ZG\PROJ.WIN32\DEBUG.WIN32\KBLOCKBOXMANAGER.OBJ
E:\COCOS2D-X-2.2.1\COCOS2D-X-2.2.1\SAMPLES\CPP\ZG\PROJ.WIN32\DEBUG.WIN32\KBLOCKGROUP.OBJ
E:\COCOS2D-X-2.2.1\COCOS2D-X-2.2.1\SAMPLES\CPP\ZG\PROJ.WIN32\DEBUG.WIN32\KBUSINESSMANAGER.OBJ
E:\COCOS2D-X-2.2.1\COCOS2D-X-2.2.1\SAMPLES\CPP\ZG\PROJ.WIN32\DEBUG.WIN32\KCARDACTOR.OBJ
E:\COCOS2D-X-2.2.1\COCOS2D-X-2.2.1\SAMPLES\CPP\ZG\PROJ.WIN32\DEBUG.WIN32\KCARDATTR.OBJ
E:\COCOS2D-X-2.2.1\COCOS2D-X-2.2.1\SAMPLES\CPP\ZG\PROJ.WIN32\DEBUG.WIN32\KCARDINST.OBJ
E:\COCOS2D-X-2.2.1\COCOS2D-X-2.2.1\SAMPLES\CPP\ZG\PROJ.WIN32\DEBUG.WIN32\KCARDSTATIC.OBJ
E:\COCOS2D-X-2.2.1\COCOS2D-X-2.2.1\SAMPLES\CPP\ZG\PROJ.WIN32\DEBUG.WIN32\KCHARACTER.OBJ
E:\COCOS2D-X-2.2.1\COCOS2D-X-2.2.1\SAMPLES\CPP\ZG\PROJ.WIN32\DEBUG.WIN32\KCLIENTBATTLECTRL.OBJ
E:\COCOS2D-X-2.2.1\COCOS2D-X-2.2.1\SAMPLES\CPP\ZG\PROJ.WIN32\DEBUG.WIN32\KCLIENTGATELISTENER.OBJ
E:\COCOS2D-X-2.2.1\COCOS2D-X-2.2.1\SAMPLES\CPP\ZG\PROJ.WIN32\DEBUG.WIN32\KCLIENTQUESTSESSION.OBJ
E:\COCOS2D-X-2.2.1\COCOS2D-X-2.2.1\SAMPLES\CPP\ZG\PROJ.WIN32\DEBUG.WIN32\KCLIENTTABFILELOADER.OBJ
E:\COCOS2D-X-2.2.1\COCOS2D-X-2.2.1\SAMPLES\CPP\ZG\PROJ.WIN32\DEBUG.WIN32\KDYNAMICWORLD.OBJ
E:\COCOS2D-X-2.2.1\COCOS2D-X-2.2.1\SAMPLES\CPP\ZG\PROJ.WIN32\DEBUG.WIN32\KFIGHTAREAPANEL.OBJ
E:\COCOS2D-X-2.2.1\COCOS2D-X-2.2.1\SAMPLES\CPP\ZG\PROJ.WIN32\DEBUG.WIN32\KGATEWAYMSGDEALER.OBJ
E:\COCOS2D-X-2.2.1\COCOS2D-X-2.2.1\SAMPLES\CPP\ZG\PROJ.WIN32\DEBUG.WIN32\KGATEWAYMSGHUB.OBJ
E:\COCOS2D-X-2.2.1\COCOS2D-X-2.2.1\SAMPLES\CPP\ZG\PROJ.WIN32\DEBUG.WIN32\KINDICATEPANEL.OBJ
E:\COCOS2D-X-2.2.1\COCOS2D-X-2.2.1\SAMPLES\CPP\ZG\PROJ.WIN32\DEBUG.WIN32\KLOGASSIST.OBJ
E:\COCOS2D-X-2.2.1\COCOS2D-X-2.2.1\SAMPLES\CPP\ZG\PROJ.WIN32\DEBUG.WIN32\KLOGICMODULEMSGDEALER.OBJ
E:\COCOS2D-X-2.2.1\COCOS2D-X-2.2.1\SAMPLES\CPP\ZG\PROJ.WIN32\DEBUG.WIN32\KLOGINMSGDEALER.OBJ
E:\COCOS2D-X-2.2.1\COCOS2D-X-2.2.1\SAMPLES\CPP\ZG\PROJ.WIN32\DEBUG.WIN32\KLOGINMSGHUB.OBJ
E:\COCOS2D-X-2.2.1\COCOS2D-X-2.2.1\SAMPLES\CPP\ZG\PROJ.WIN32\DEBUG.WIN32\KMAINPLAYER.OBJ
E:\COCOS2D-X-2.2.1\COCOS2D-X-2.2.1\SAMPLES\CPP\ZG\PROJ.WIN32\DEBUG.WIN32\KMSGDELEGATEBASE.OBJ
E:\COCOS2D-X-2.2.1\COCOS2D-X-2.2.1\SAMPLES\CPP\ZG\PROJ.WIN32\DEBUG.WIN32\KMSGHUB.OBJ
E:\COCOS2D-X-2.2.1\COCOS2D-X-2.2.1\SAMPLES\CPP\ZG\PROJ.WIN32\DEBUG.WIN32\KNETMSGFACADE.OBJ
E:\COCOS2D-X-2.2.1\COCOS2D-X-2.2.1\SAMPLES\CPP\ZG\PROJ.WIN32\DEBUG.WIN32\KNOTIFYPANEL.OBJ
E:\COCOS2D-X-2.2.1\COCOS2D-X-2.2.1\SAMPLES\CPP\ZG\PROJ.WIN32\DEBUG.WIN32\KONHITMGR.OBJ
E:\COCOS2D-X-2.2.1\COCOS2D-X-2.2.1\SAMPLES\CPP\ZG\PROJ.WIN32\DEBUG.WIN32\KPACKETGATE_CHATC.OBJ
E:\COCOS2D-X-2.2.1\COCOS2D-X-2.2.1\SAMPLES\CPP\ZG\PROJ.WIN32\DEBUG.WIN32\KPACKETGATE_CHC.OBJ
E:\COCOS2D-X-2.2.1\COCOS2D-X-2.2.1\SAMPLES\CPP\ZG\PROJ.WIN32\DEBUG.WIN32\KPACKETGATE_GW.OBJ
E:\COCOS2D-X-2.2.1\COCOS2D-X-2.2.1\SAMPLES\CPP\ZG\PROJ.WIN32\DEBUG.WIN32\KPACKETGATE_LC.OBJ
E:\COCOS2D-X-2.2.1\COCOS2D-X-2.2.1\SAMPLES\CPP\ZG\PROJ.WIN32\DEBUG.WIN32\KPACKETGATE_SC.OBJ
E:\COCOS2D-X-2.2.1\COCOS2D-X-2.2.1\SAMPLES\CPP\ZG\PROJ.WIN32\DEBUG.WIN32\KPACKETGATE_WC.OBJ
E:\COCOS2D-X-2.2.1\COCOS2D-X-2.2.1\SAMPLES\CPP\ZG\PROJ.WIN32\DEBUG.WIN32\KPACKETTOSTRING.OBJ
E:\COCOS2D-X-2.2.1\COCOS2D-X-2.2.1\SAMPLES\CPP\ZG\PROJ.WIN32\DEBUG.WIN32\KPLAYER.OBJ
E:\COCOS2D-X-2.2.1\COCOS2D-X-2.2.1\SAMPLES\CPP\ZG\PROJ.WIN32\DEBUG.WIN32\KPLAYERQUESTMANAGER.OBJ
E:\COCOS2D-X-2.2.1\COCOS2D-X-2.2.1\SAMPLES\CPP\ZG\PROJ.WIN32\DEBUG.WIN32\KQUESTCUSTOMEVENT.OBJ
E:\COCOS2D-X-2.2.1\COCOS2D-X-2.2.1\SAMPLES\CPP\ZG\PROJ.WIN32\DEBUG.WIN32\KQUESTGROUP.OBJ
E:\COCOS2D-X-2.2.1\COCOS2D-X-2.2.1\SAMPLES\CPP\ZG\PROJ.WIN32\DEBUG.WIN32\KQUESTMANAGER.OBJ
E:\COCOS2D-X-2.2.1\COCOS2D-X-2.2.1\SAMPLES\CPP\ZG\PROJ.WIN32\DEBUG.WIN32\KQUESTNEW.OBJ
E:\COCOS2D-X-2.2.1\COCOS2D-X-2.2.1\SAMPLES\CPP\ZG\PROJ.WIN32\DEBUG.WIN32\KQUESTPARAMPARSER.OBJ
E:\COCOS2D-X-2.2.1\COCOS2D-X-2.2.1\SAMPLES\CPP\ZG\PROJ.WIN32\DEBUG.WIN32\KQUESTTARGET.OBJ
E:\COCOS2D-X-2.2.1\COCOS2D-X-2.2.1\SAMPLES\CPP\ZG\PROJ.WIN32\DEBUG.WIN32\KQUESTTIMER.OBJ
E:\COCOS2D-X-2.2.1\COCOS2D-X-2.2.1\SAMPLES\CPP\ZG\PROJ.WIN32\DEBUG.WIN32\KRESPANEL.OBJ
E:\COCOS2D-X-2.2.1\COCOS2D-X-2.2.1\SAMPLES\CPP\ZG\PROJ.WIN32\DEBUG.WIN32\KSELECTBEGINCARDPANEL.OBJ
E:\COCOS2D-X-2.2.1\COCOS2D-X-2.2.1\SAMPLES\CPP\ZG\PROJ.WIN32\DEBUG.WIN32\KSKILLASSIST.OBJ
E:\COCOS2D-X-2.2.1\COCOS2D-X-2.2.1\SAMPLES\CPP\ZG\PROJ.WIN32\DEBUG.WIN32\KSOCKETDEFINE.OBJ
E:\COCOS2D-X-2.2.1\COCOS2D-X-2.2.1\SAMPLES\CPP\ZG\PROJ.WIN32\DEBUG.WIN32\KSOCKETFACADE.OBJ
E:\COCOS2D-X-2.2.1\COCOS2D-X-2.2.1\SAMPLES\CPP\ZG\PROJ.WIN32\DEBUG.WIN32\KSOUNDSTATIC.OBJ
E:\COCOS2D-X-2.2.1\COCOS2D-X-2.2.1\SAMPLES\CPP\ZG\PROJ.WIN32\DEBUG.WIN32\KSTOREMANAGER.OBJ
E:\COCOS2D-X-2.2.1\COCOS2D-X-2.2.1\SAMPLES\CPP\ZG\PROJ.WIN32\DEBUG.WIN32\KSTREAMWRAPPER.OBJ
E:\COCOS2D-X-2.2.1\COCOS2D-X-2.2.1\SAMPLES\CPP\ZG\PROJ.WIN32\DEBUG.WIN32\KUIASSIST.OBJ
E:\COCOS2D-X-2.2.1\COCOS2D-X-2.2.1\SAMPLES\CPP\ZG\PROJ.WIN32\DEBUG.WIN32\KUSERDATA.OBJ
E:\COCOS2D-X-2.2.1\COCOS2D-X-2.2.1\SAMPLES\CPP\ZG\PROJ.WIN32\DEBUG.WIN32\KUSERRECORD.OBJ
E:\COCOS2D-X-2.2.1\COCOS2D-X-2.2.1\SAMPLES\CPP\ZG\PROJ.WIN32\DEBUG.WIN32\KWORLDOBJ.OBJ
E:\cocos2d-x-2.2.1\cocos2d-x-2.2.1\samples\Cpp\zg\proj.win32\Debug.win32\link.command.1.tlog
E:\cocos2d-x-2.2.1\cocos2d-x-2.2.1\samples\Cpp\zg\proj.win32\Debug.win32\link.read.1.tlog
E:\cocos2d-x-2.2.1\cocos2d-x-2.2.1\samples\Cpp\zg\proj.win32\Debug.win32\link.write.1.tlog
E:\COCOS2D-X-2.2.1\COCOS2D-X-2.2.1\SAMPLES\CPP\ZG\PROJ.WIN32\DEBUG.WIN32\MAIN.OBJ
E:\COCOS2D-X-2.2.1\COCOS2D-X-2.2.1\SAMPLES\CPP\ZG\PROJ.WIN32\DEBUG.WIN32\OGREDATASTREAM.OBJ
E:\COCOS2D-X-2.2.1\COCOS2D-X-2.2.1\SAMPLES\CPP\ZG\PROJ.WIN32\DEBUG.WIN32\PARALLELEXECUTORCONTAINER.OBJ
E:\COCOS2D-X-2.2.1\COCOS2D-X-2.2.1\SAMPLES\CPP\ZG\PROJ.WIN32\DEBUG.WIN32\PLAYERGUIDE.OBJ
E:\COCOS2D-X-2.2.1\COCOS2D-X-2.2.1\SAMPLES\CPP\ZG\PROJ.WIN32\DEBUG.WIN32\PROGRESSBAR.OBJ
E:\cocos2d-x-2.2.1\cocos2d-x-2.2.1\samples\Cpp\zg\proj.win32\Debug.win32\ResolveAssemblyReference.cache
E:\COCOS2D-X-2.2.1\COCOS2D-X-2.2.1\SAMPLES\CPP\ZG\PROJ.WIN32\DEBUG.WIN32\SQLITE3.OBJ
E:\COCOS2D-X-2.2.1\COCOS2D-X-2.2.1\SAMPLES\CPP\ZG\PROJ.WIN32\DEBUG.WIN32\STARTSCENE.OBJ
E:\COCOS2D-X-2.2.1\COCOS2D-X-2.2.1\SAMPLES\CPP\ZG\PROJ.WIN32\DEBUG.WIN32\STATICDATA.OBJ
E:\cocos2d-x-2.2.1\cocos2d-x-2.2.1\samples\Cpp\zg\proj.win32\Debug.win32\vc100.idb
E:\COCOS2D-X-2.2.1\COCOS2D-X-2.2.1\SAMPLES\CPP\ZG\PROJ.WIN32\DEBUG.WIN32\VC100.PDB
E:\cocos2d-x-2.2.1\cocos2d-x-2.2.1\samples\Cpp\zg\proj.win32\Debug.win32\zgc.exe.intermediate.manifest
E:\cocos2d-x-2.2.1\cocos2d-x-2.2.1\samples\Cpp\zg\proj.win32\Debug.win32\zgc.write.1.tlog
